
nam: file.nam of Fri Oct 21 17:16:05 2022

   >o        ->  0<       
   >l        ->  1<       
   >z        ->  2<       
   <o        ->  0<       
   <l        ->  1<       
   <z        ->  2<       
   <         ->.          
   >0        ->  o        
   >1        ->  l        
   >2        ->  z        
   z2        ->  2z       
   z1        ->  1z       
   z0        ->  0z       
   l0        ->  0l       
   l1        ->  1l       
   l2        ->  2l       
   o0        ->  0o       
   o1        ->  1o       
   o2        ->  2o       
             ->  >        

1020
--------------------------------------------------------------------------------
[           ->  >         ]  ">1020"
[ >1        ->  l         ]  "l020"
[ l0        ->  0l        ]  "0l20"
[ l2        ->  2l        ]  "02l0"
[ l0        ->  0l        ]  "020l"
[           ->  >         ]  ">020l"
[ >0        ->  o         ]  "o20l"
[ o2        ->  2o        ]  "2o0l"
[ o0        ->  0o        ]  "20ol"
[           ->  >         ]  ">20ol"
[ >2        ->  z         ]  "z0ol"
[ z0        ->  0z        ]  "0zol"
[           ->  >         ]  ">0zol"
[ >0        ->  o         ]  "ozol"
[           ->  >         ]  ">ozol"
[ >o        ->  0<        ]  "0<zol"
[ <z        ->  2<        ]  "02<ol"
[ <o        ->  0<        ]  "020<l"
[ <l        ->  1<        ]  "0201<"
[ <         ->.           ]  "0201"
--------------------------------------------------------------------------------

120
--------------------------------------------------------------------------------
[           ->  >         ]  ">120"
[ >1        ->  l         ]  "l20"
[ l2        ->  2l        ]  "2l0"
[ l0        ->  0l        ]  "20l"
[           ->  >         ]  ">20l"
[ >2        ->  z         ]  "z0l"
[ z0        ->  0z        ]  "0zl"
[           ->  >         ]  ">0zl"
[ >0        ->  o         ]  "ozl"
[           ->  >         ]  ">ozl"
[ >o        ->  0<        ]  "0<zl"
[ <z        ->  2<        ]  "02<l"
[ <l        ->  1<        ]  "021<"
[ <         ->.           ]  "021"
--------------------------------------------------------------------------------

201012
--------------------------------------------------------------------------------
[           ->  >         ]  ">201012"
[ >2        ->  z         ]  "z01012"
[ z0        ->  0z        ]  "0z1012"
[ z1        ->  1z        ]  "01z012"
[ z0        ->  0z        ]  "010z12"
[ z1        ->  1z        ]  "0101z2"
[ z2        ->  2z        ]  "01012z"
[           ->  >         ]  ">01012z"
[ >0        ->  o         ]  "o1012z"
[ o1        ->  1o        ]  "1o012z"
[ o0        ->  0o        ]  "10o12z"
[ o1        ->  1o        ]  "101o2z"
[ o2        ->  2o        ]  "1012oz"
[           ->  >         ]  ">1012oz"
[ >1        ->  l         ]  "l012oz"
[ l0        ->  0l        ]  "0l12oz"
[ l1        ->  1l        ]  "01l2oz"
[ l2        ->  2l        ]  "012loz"
[           ->  >         ]  ">012loz"
[ >0        ->  o         ]  "o12loz"
[ o1        ->  1o        ]  "1o2loz"
[ o2        ->  2o        ]  "12oloz"
[           ->  >         ]  ">12oloz"
[ >1        ->  l         ]  "l2oloz"
[ l2        ->  2l        ]  "2loloz"
[           ->  >         ]  ">2loloz"
[ >2        ->  z         ]  "zloloz"
[           ->  >         ]  ">zloloz"
[ >z        ->  2<        ]  "2<loloz"
[ <l        ->  1<        ]  "21<oloz"
[ <o        ->  0<        ]  "210<loz"
[ <l        ->  1<        ]  "2101<oz"
[ <o        ->  0<        ]  "21010<z"
[ <z        ->  2<        ]  "210102<"
[ <         ->.           ]  "210102"
--------------------------------------------------------------------------------

10221
--------------------------------------------------------------------------------
[           ->  >         ]  ">10221"
[ >1        ->  l         ]  "l0221"
[ l0        ->  0l        ]  "0l221"
[ l2        ->  2l        ]  "02l21"
[ l2        ->  2l        ]  "022l1"
[ l1        ->  1l        ]  "0221l"
[           ->  >         ]  ">0221l"
[ >0        ->  o         ]  "o221l"
[ o2        ->  2o        ]  "2o21l"
[ o2        ->  2o        ]  "22o1l"
[ o1        ->  1o        ]  "221ol"
[           ->  >         ]  ">221ol"
[ >2        ->  z         ]  "z21ol"
[ z2        ->  2z        ]  "2z1ol"
[ z1        ->  1z        ]  "21zol"
[           ->  >         ]  ">21zol"
[ >2        ->  z         ]  "z1zol"
[ z1        ->  1z        ]  "1zzol"
[           ->  >         ]  ">1zzol"
[ >1        ->  l         ]  "lzzol"
[           ->  >         ]  ">lzzol"
[ >l        ->  1<        ]  "1<zzol"
[ <z        ->  2<        ]  "12<zol"
[ <z        ->  2<        ]  "122<ol"
[ <o        ->  0<        ]  "1220<l"
[ <l        ->  1<        ]  "12201<"
[ <         ->.           ]  "12201"
--------------------------------------------------------------------------------

